d:\ms\git\simpleclrprofiler\simpleprofiler\simpleprofiler\debug\simpleprofiler.pch
d:\ms\git\simpleclrprofiler\simpleprofiler\simpleprofiler\debug\vc120.pdb
d:\ms\git\simpleclrprofiler\simpleprofiler\simpleprofiler\debug\vc120.idb
d:\ms\git\simpleclrprofiler\simpleprofiler\simpleprofiler\debug\stdafx.obj
d:\ms\git\simpleclrprofiler\simpleprofiler\simpleprofiler\debug\csimpleprofiler.obj
d:\ms\git\simpleclrprofiler\simpleprofiler\simpleprofiler\debug\globalstaticcallbacks.obj
d:\ms\git\simpleclrprofiler\simpleprofiler\simpleprofiler\debug\csimpleprofilerhost.obj
d:\ms\git\simpleclrprofiler\simpleprofiler\simpleprofiler\debug\methodinfo.obj
d:\ms\git\simpleclrprofiler\simpleprofiler\simpleprofiler\debug\simpleprofilercallbackimpl.obj
d:\ms\git\simpleclrprofiler\simpleprofiler\simpleprofiler\debug\tracing.obj
d:\ms\git\simpleclrprofiler\simpleprofiler\debug\simpleprofiler.ilk
d:\ms\git\simpleclrprofiler\simpleprofiler\debug\simpleprofiler.dll
d:\ms\git\simpleclrprofiler\simpleprofiler\simpleprofiler\vc120.idl
d:\ms\git\simpleclrprofiler\simpleprofiler\simpleprofiler\vc120.tlb
d:\ms\git\simpleclrprofiler\simpleprofiler\debug\simpleprofiler.pdb
d:\ms\git\simpleclrprofiler\simpleprofiler\simpleprofiler\debug\simpleprofiler.res
d:\ms\git\simpleclrprofiler\simpleprofiler\debug\simpleprofiler.lib
d:\ms\git\simpleclrprofiler\simpleprofiler\debug\simpleprofiler.exp
d:\ms\git\simpleclrprofiler\simpleprofiler\simpleprofiler\debug\simpleprofiler.tlog\cl.command.1.tlog
d:\ms\git\simpleclrprofiler\simpleprofiler\simpleprofiler\debug\simpleprofiler.tlog\cl.read.1.tlog
d:\ms\git\simpleclrprofiler\simpleprofiler\simpleprofiler\debug\simpleprofiler.tlog\cl.write.1.tlog
d:\ms\git\simpleclrprofiler\simpleprofiler\simpleprofiler\debug\simpleprofiler.tlog\link.command.1.tlog
d:\ms\git\simpleclrprofiler\simpleprofiler\simpleprofiler\debug\simpleprofiler.tlog\link.read.1.tlog
d:\ms\git\simpleclrprofiler\simpleprofiler\simpleprofiler\debug\simpleprofiler.tlog\link.write.1.tlog
d:\ms\git\simpleclrprofiler\simpleprofiler\simpleprofiler\debug\simpleprofiler.tlog\rc.command.1.tlog
d:\ms\git\simpleclrprofiler\simpleprofiler\simpleprofiler\debug\simpleprofiler.tlog\rc.read.1.tlog
d:\ms\git\simpleclrprofiler\simpleprofiler\simpleprofiler\debug\simpleprofiler.tlog\rc.write.1.tlog
d:\ms\git\simpleclrprofiler\simpleprofiler\simpleprofiler\debug\simpleprofiler.tlog\simpleprofiler.write.1u.tlog
