Build started 12/10/2015 10:12:05 AM.
     1>Project "D:\MS\git\SimpleCLRProfiler\SimpleProfiler\SimpleProfiler\SimpleProfiler.vcxproj" on node 4 (Rebuild target(s)).
     1>_MASM:
         Assembling GlobalStaticCallbacks.x64.asm...
       ClCompile:
         C:\Program Files (x86)\Microsoft Visual Studio 12.0\VC\bin\CL.exe /c /ZI /nologo /W3 /WX- /Od /Oy- /D WIN32 /D _WINDOWS /D _USRDLL /D _ATL_ATTRIBUTES /D _DEBUG /D SIMPLEPROFILER_EXPORTS /D _WINDLL /D _UNICODE /D UNICODE /Gm /EHsc /RTC1 /MDd /GS /fp:precise /Zc:wchar_t /Zc:forScope /Yc"stdafx.h" /Fp"Debug\SimpleProfiler.pch" /Fo"Debug\\" /Fd"Debug\vc120.pdb" /Gd /TP /analyze- /errorReport:prompt stdafx.cpp
         stdafx.cpp
         C:\Program Files (x86)\Microsoft Visual Studio 12.0\VC\bin\CL.exe /c /ZI /nologo /W3 /WX- /Od /Oy- /D WIN32 /D _WINDOWS /D _USRDLL /D _ATL_ATTRIBUTES /D _DEBUG /D SIMPLEPROFILER_EXPORTS /D _WINDLL /D _UNICODE /D UNICODE /Gm /EHsc /RTC1 /MDd /GS /fp:precise /Zc:wchar_t /Zc:forScope /Yu"stdafx.h" /Fp"Debug\SimpleProfiler.pch" /Fo"Debug\\" /Fd"Debug\vc120.pdb" /Gd /TP /analyze- /errorReport:prompt CSimpleProfiler.cpp GlobalStaticCallbacks.cpp CSimpleProfilerHost.cpp MethodInfo.cpp SimpleProfilerCallbackImpl.cpp Tracing.cpp
         Tracing.cpp
         SimpleProfilerCallbackImpl.cpp
         MethodInfo.cpp
         CSimpleProfilerHost.cpp
         GlobalStaticCallbacks.cpp
         CSimpleProfiler.cpp
         Generating Code...
       ResourceCompile:
         C:\Program Files (x86)\Windows Kits\8.1\bin\x86\rc.exe /D _UNICODE /D UNICODE /l"0x0409" /nologo /fo"Debug\SimpleProfiler.res" SimpleProfiler.rc 
       Link:
         C:\Program Files (x86)\Microsoft Visual Studio 12.0\VC\bin\link.exe /ERRORREPORT:PROMPT /OUT:"D:\MS\git\SimpleCLRProfiler\SimpleProfiler\Debug\SimpleProfiler.dll" /INCREMENTAL /NOLOGO kernel32.lib user32.lib gdi32.lib winspool.lib comdlg32.lib advapi32.lib shell32.lib ole32.lib oleaut32.lib uuid.lib odbc32.lib odbccp32.lib /MANIFEST /MANIFESTUAC:"level='asInvoker' uiAccess='false'" /manifest:embed /DEBUG /PDB:"D:\MS\git\SimpleCLRProfiler\SimpleProfiler\Debug\SimpleProfiler.pdb" /SUBSYSTEM:WINDOWS /TLBID:1 /DYNAMICBASE /NXCOMPAT /IMPLIB:"D:\MS\git\SimpleCLRProfiler\SimpleProfiler\Debug\SimpleProfiler.lib" /MACHINE:X86 /DLL Debug\SimpleProfiler.res
         Debug\CSimpleProfiler.obj
         Debug\GlobalStaticCallbacks.obj
         Debug\CSimpleProfilerHost.obj
         Debug\MethodInfo.obj
         Debug\SimpleProfilerCallbackImpl.obj
         Debug\stdafx.obj
         Debug\Tracing.obj
            Creating library D:\MS\git\SimpleCLRProfiler\SimpleProfiler\Debug\SimpleProfiler.lib and object D:\MS\git\SimpleCLRProfiler\SimpleProfiler\Debug\SimpleProfiler.exp
         Microsoft (R) 32b/64b MIDL Compiler Version 8.00.0603 
         Copyright (c) Microsoft Corporation. All rights reserved.
         Processing .\vc120.idl
         vc120.idl
         Processing C:\Program Files (x86)\Windows Kits\8.1\Include\um\corsym.idl
         corsym.idl
         Processing C:\Program Files (x86)\Windows Kits\8.1\Include\um\oaidl.idl
         oaidl.idl
         Processing C:\Program Files (x86)\Windows Kits\8.1\Include\um\objidl.idl
         objidl.idl
         Processing C:\Program Files (x86)\Windows Kits\8.1\Include\um\unknwn.idl
         unknwn.idl
         Processing C:\Program Files (x86)\Windows Kits\8.1\Include\shared\wtypes.idl
         wtypes.idl
         Processing C:\Program Files (x86)\Windows Kits\8.1\Include\shared\wtypesbase.idl
         wtypesbase.idl
         Processing C:\Program Files (x86)\Windows Kits\8.1\Include\shared\basetsd.h
         basetsd.h
         Processing C:\Program Files (x86)\Windows Kits\8.1\Include\shared\guiddef.h
         guiddef.h
         Processing C:\Program Files (x86)\Windows Kits\8.1\Include\um\corprof.idl
         corprof.idl
         SimpleProfiler.vcxproj -> D:\MS\git\SimpleCLRProfiler\SimpleProfiler\Debug\SimpleProfiler.dll
       PostBuildEvent:
         C:\Windows\system32\regsvr32 /s "D:\MS\git\SimpleCLRProfiler\SimpleProfiler\Debug\SimpleProfiler.dll"
         :VCEnd
     1>Done Building Project "D:\MS\git\SimpleCLRProfiler\SimpleProfiler\SimpleProfiler\SimpleProfiler.vcxproj" (Rebuild target(s)).

Build succeeded.

Time Elapsed 00:00:04.15
